<?xml version="1.0" encoding="UTF-8"?>
<testng-results skipped="0" failed="0" total="1" passed="1">
  <reporter-output>
  </reporter-output>
  <suite name="Default suite" duration-ms="133378" started-at="2017-09-17T00:11:23Z" finished-at="2017-09-17T00:13:36Z">
    <groups>
    </groups>
    <test name="Default test" duration-ms="133378" started-at="2017-09-17T00:11:23Z" finished-at="2017-09-17T00:13:36Z">
      <class name="KeywordDriven.Selenium.Test.TestController">
        <test-method status="PASS" signature="initBrowser()[pri:0, instance:KeywordDriven.Selenium.Test.TestController@4501b7af]" name="initBrowser" is-config="true" duration-ms="1031" started-at="2017-09-17T05:41:23Z" finished-at="2017-09-17T05:41:24Z">
          <reporter-output>
          </reporter-output>
        </test-method> <!-- initBrowser -->
        <test-method status="PASS" signature="TestCaseController()[pri:0, instance:KeywordDriven.Selenium.Test.TestController@4501b7af]" name="TestCaseController" duration-ms="132327" started-at="2017-09-17T05:41:24Z" finished-at="2017-09-17T05:43:36Z">
          <reporter-output>
          </reporter-output>
        </test-method> <!-- TestCaseController -->
        <test-method status="PASS" signature="quitBrowser()[pri:0, instance:KeywordDriven.Selenium.Test.TestController@4501b7af]" name="quitBrowser" is-config="true" duration-ms="0" started-at="2017-09-17T05:43:36Z" finished-at="2017-09-17T05:43:36Z">
          <reporter-output>
          </reporter-output>
        </test-method> <!-- quitBrowser -->
      </class> <!-- KeywordDriven.Selenium.Test.TestController -->
    </test> <!-- Default test -->
  </suite> <!-- Default suite -->
</testng-results>
